2017-10-27 10:23:08.508  INFO 6368 --- [main] impl.test.Testsql                        : Starting Testsql on USER-20170224VA with PID 6368 (started by Administrator in E:\test-project\xzp-xf\xzp-xf-pro-impl)
2017-10-27 10:23:08.509  INFO 6368 --- [main] impl.test.Testsql                        : No active profile set, falling back to default profiles: default
2017-10-27 10:23:08.622  INFO 6368 --- [main] o.s.w.c.s.GenericWebApplicationContext   : Refreshing org.springframework.web.context.support.GenericWebApplicationContext@4e70a728: startup date [Fri Oct 27 10:23:08 CST 2017]; root of context hierarchy
2017-10-27 10:23:10.112  INFO 6368 --- [main] .s.d.r.c.RepositoryConfigurationDelegate : Multiple Spring Data modules found, entering strict repository configuration mode!
2017-10-27 10:23:13.435  INFO 6368 --- [main] s.w.s.m.m.a.RequestMappingHandlerAdapter : Looking for @ControllerAdvice: org.springframework.web.context.support.GenericWebApplicationContext@4e70a728: startup date [Fri Oct 27 10:23:08 CST 2017]; root of context hierarchy
2017-10-27 10:23:13.613  INFO 6368 --- [main] s.w.s.m.m.a.RequestMappingHandlerMapping : Mapped "{[/error]}" onto public org.springframework.http.ResponseEntity<java.util.Map<java.lang.String, java.lang.Object>> org.springframework.boot.autoconfigure.web.BasicErrorController.error(javax.servlet.http.HttpServletRequest)
2017-10-27 10:23:13.615  INFO 6368 --- [main] s.w.s.m.m.a.RequestMappingHandlerMapping : Mapped "{[/error],produces=[text/html]}" onto public org.springframework.web.servlet.ModelAndView org.springframework.boot.autoconfigure.web.BasicErrorController.errorHtml(javax.servlet.http.HttpServletRequest,javax.servlet.http.HttpServletResponse)
2017-10-27 10:23:13.697  INFO 6368 --- [main] o.s.w.s.handler.SimpleUrlHandlerMapping  : Mapped URL path [/webjars/**] onto handler of type [class org.springframework.web.servlet.resource.ResourceHttpRequestHandler]
2017-10-27 10:23:13.698  INFO 6368 --- [main] o.s.w.s.handler.SimpleUrlHandlerMapping  : Mapped URL path [/**] onto handler of type [class org.springframework.web.servlet.resource.ResourceHttpRequestHandler]
2017-10-27 10:23:13.827  INFO 6368 --- [main] o.s.w.s.handler.SimpleUrlHandlerMapping  : Mapped URL path [/**/favicon.ico] onto handler of type [class org.springframework.web.servlet.resource.ResourceHttpRequestHandler]
2017-10-27 10:23:15.129  INFO 6368 --- [main] impl.test.Testsql                        : Started Testsql in 7.963 seconds (JVM running for 10.045)
2017-10-27 10:23:16.131 DEBUG 6368 --- [main] x.x.s.m.S.searchSysRoleByParams          : ==>  Preparing: SELECT sys_roleId, sys_roleName, sys_roleDes FROM sys_role 
2017-10-27 10:23:16.183 DEBUG 6368 --- [main] x.x.s.m.S.searchSysRoleByParams          : ==> Parameters: 
2017-10-27 10:23:16.198 TRACE 6368 --- [main] x.x.s.m.S.searchSysRoleByParams          : <==    Columns: sys_roleId, sys_roleName, sys_roleDes
2017-10-27 10:23:16.198 TRACE 6368 --- [main] x.x.s.m.S.searchSysRoleByParams          : <==        Row: 123, 123, sadw
2017-10-27 10:23:16.200 TRACE 6368 --- [main] x.x.s.m.S.searchSysRoleByParams          : <==        Row: 1234, 123, sadw
2017-10-27 10:23:16.200 TRACE 6368 --- [main] x.x.s.m.S.searchSysRoleByParams          : <==        Row: 123458, 123, sadw
2017-10-27 10:23:16.201 DEBUG 6368 --- [main] x.x.s.m.S.searchSysRoleByParams          : <==      Total: 3
2017-10-27 10:23:16.215  INFO 6368 --- [Thread-4] o.s.w.c.s.GenericWebApplicationContext   : Closing org.springframework.web.context.support.GenericWebApplicationContext@4e70a728: startup date [Fri Oct 27 10:23:08 CST 2017]; root of context hierarchy
2017-10-27 10:28:32.293  INFO 3560 --- [main] impl.test.Testsql                        : Starting Testsql on USER-20170224VA with PID 3560 (started by Administrator in E:\test-project\xzp-xf\xzp-xf-pro-impl)
2017-10-27 10:28:32.293  INFO 3560 --- [main] impl.test.Testsql                        : No active profile set, falling back to default profiles: default
2017-10-27 10:28:32.371  INFO 3560 --- [main] o.s.w.c.s.GenericWebApplicationContext   : Refreshing org.springframework.web.context.support.GenericWebApplicationContext@4e70a728: startup date [Fri Oct 27 10:28:32 CST 2017]; root of context hierarchy
2017-10-27 10:28:33.648  INFO 3560 --- [main] .s.d.r.c.RepositoryConfigurationDelegate : Multiple Spring Data modules found, entering strict repository configuration mode!
2017-10-27 10:28:36.367  INFO 3560 --- [main] s.w.s.m.m.a.RequestMappingHandlerAdapter : Looking for @ControllerAdvice: org.springframework.web.context.support.GenericWebApplicationContext@4e70a728: startup date [Fri Oct 27 10:28:32 CST 2017]; root of context hierarchy
2017-10-27 10:28:36.501  INFO 3560 --- [main] s.w.s.m.m.a.RequestMappingHandlerMapping : Mapped "{[/error]}" onto public org.springframework.http.ResponseEntity<java.util.Map<java.lang.String, java.lang.Object>> org.springframework.boot.autoconfigure.web.BasicErrorController.error(javax.servlet.http.HttpServletRequest)
2017-10-27 10:28:36.501  INFO 3560 --- [main] s.w.s.m.m.a.RequestMappingHandlerMapping : Mapped "{[/error],produces=[text/html]}" onto public org.springframework.web.servlet.ModelAndView org.springframework.boot.autoconfigure.web.BasicErrorController.errorHtml(javax.servlet.http.HttpServletRequest,javax.servlet.http.HttpServletResponse)
2017-10-27 10:28:36.583  INFO 3560 --- [main] o.s.w.s.handler.SimpleUrlHandlerMapping  : Mapped URL path [/webjars/**] onto handler of type [class org.springframework.web.servlet.resource.ResourceHttpRequestHandler]
2017-10-27 10:28:36.584  INFO 3560 --- [main] o.s.w.s.handler.SimpleUrlHandlerMapping  : Mapped URL path [/**] onto handler of type [class org.springframework.web.servlet.resource.ResourceHttpRequestHandler]
2017-10-27 10:28:36.669  INFO 3560 --- [main] o.s.w.s.handler.SimpleUrlHandlerMapping  : Mapped URL path [/**/favicon.ico] onto handler of type [class org.springframework.web.servlet.resource.ResourceHttpRequestHandler]
2017-10-27 10:28:37.731  INFO 3560 --- [main] impl.test.Testsql                        : Started Testsql in 6.668 seconds (JVM running for 8.334)
2017-10-27 10:28:38.612 DEBUG 3560 --- [main] x.x.s.m.S.searchSysRoleByParams          : ==>  Preparing: SELECT sys_roleId, sys_roleName, sys_roleDes FROM sys_role 
2017-10-27 10:28:38.644 DEBUG 3560 --- [main] x.x.s.m.S.searchSysRoleByParams          : ==> Parameters: 
2017-10-27 10:28:38.659 TRACE 3560 --- [main] x.x.s.m.S.searchSysRoleByParams          : <==    Columns: sys_roleId, sys_roleName, sys_roleDes
2017-10-27 10:28:38.659 TRACE 3560 --- [main] x.x.s.m.S.searchSysRoleByParams          : <==        Row: 123, 123, sadw
2017-10-27 10:28:38.659 TRACE 3560 --- [main] x.x.s.m.S.searchSysRoleByParams          : <==        Row: 1234, 123, sadw
2017-10-27 10:28:38.659 TRACE 3560 --- [main] x.x.s.m.S.searchSysRoleByParams          : <==        Row: 123458, 123, sadw
2017-10-27 10:28:38.659 DEBUG 3560 --- [main] x.x.s.m.S.searchSysRoleByParams          : <==      Total: 3
2017-10-27 10:28:38.675  INFO 3560 --- [Thread-4] o.s.w.c.s.GenericWebApplicationContext   : Closing org.springframework.web.context.support.GenericWebApplicationContext@4e70a728: startup date [Fri Oct 27 10:28:32 CST 2017]; root of context hierarchy
2017-10-27 10:29:08.580  INFO 440 --- [main] impl.test.Testsql                        : Starting Testsql on USER-20170224VA with PID 440 (started by Administrator in E:\test-project\xzp-xf\xzp-xf-pro-impl)
2017-10-27 10:29:08.580  INFO 440 --- [main] impl.test.Testsql                        : No active profile set, falling back to default profiles: default
2017-10-27 10:29:08.678  INFO 440 --- [main] o.s.w.c.s.GenericWebApplicationContext   : Refreshing org.springframework.web.context.support.GenericWebApplicationContext@435fb7b5: startup date [Fri Oct 27 10:29:08 CST 2017]; root of context hierarchy
2017-10-27 10:29:09.964  INFO 440 --- [main] .s.d.r.c.RepositoryConfigurationDelegate : Multiple Spring Data modules found, entering strict repository configuration mode!
2017-10-27 10:29:12.722  INFO 440 --- [main] s.w.s.m.m.a.RequestMappingHandlerAdapter : Looking for @ControllerAdvice: org.springframework.web.context.support.GenericWebApplicationContext@435fb7b5: startup date [Fri Oct 27 10:29:08 CST 2017]; root of context hierarchy
2017-10-27 10:29:12.831  INFO 440 --- [main] s.w.s.m.m.a.RequestMappingHandlerMapping : Mapped "{[/error]}" onto public org.springframework.http.ResponseEntity<java.util.Map<java.lang.String, java.lang.Object>> org.springframework.boot.autoconfigure.web.BasicErrorController.error(javax.servlet.http.HttpServletRequest)
2017-10-27 10:29:12.847  INFO 440 --- [main] s.w.s.m.m.a.RequestMappingHandlerMapping : Mapped "{[/error],produces=[text/html]}" onto public org.springframework.web.servlet.ModelAndView org.springframework.boot.autoconfigure.web.BasicErrorController.errorHtml(javax.servlet.http.HttpServletRequest,javax.servlet.http.HttpServletResponse)
2017-10-27 10:29:12.894  INFO 440 --- [main] o.s.w.s.handler.SimpleUrlHandlerMapping  : Mapped URL path [/webjars/**] onto handler of type [class org.springframework.web.servlet.resource.ResourceHttpRequestHandler]
2017-10-27 10:29:12.894  INFO 440 --- [main] o.s.w.s.handler.SimpleUrlHandlerMapping  : Mapped URL path [/**] onto handler of type [class org.springframework.web.servlet.resource.ResourceHttpRequestHandler]
2017-10-27 10:29:12.979  INFO 440 --- [main] o.s.w.s.handler.SimpleUrlHandlerMapping  : Mapped URL path [/**/favicon.ico] onto handler of type [class org.springframework.web.servlet.resource.ResourceHttpRequestHandler]
2017-10-27 10:29:14.244  INFO 440 --- [main] impl.test.Testsql                        : Started Testsql in 7.086 seconds (JVM running for 8.836)
2017-10-27 10:29:15.121 DEBUG 440 --- [main] x.x.s.m.S.searchSysRoleByParams          : ==>  Preparing: SELECT sys_roleId, sys_roleName, sys_roleDes FROM sys_role 
2017-10-27 10:29:15.160 DEBUG 440 --- [main] x.x.s.m.S.searchSysRoleByParams          : ==> Parameters: 
2017-10-27 10:29:15.174 TRACE 440 --- [main] x.x.s.m.S.searchSysRoleByParams          : <==    Columns: sys_roleId, sys_roleName, sys_roleDes
2017-10-27 10:29:15.175 TRACE 440 --- [main] x.x.s.m.S.searchSysRoleByParams          : <==        Row: 123, 123, sadw
2017-10-27 10:29:15.177 TRACE 440 --- [main] x.x.s.m.S.searchSysRoleByParams          : <==        Row: 1234, 123, sadw
2017-10-27 10:29:15.177 TRACE 440 --- [main] x.x.s.m.S.searchSysRoleByParams          : <==        Row: 123458, 123, sadw
2017-10-27 10:29:15.179 DEBUG 440 --- [main] x.x.s.m.S.searchSysRoleByParams          : <==      Total: 3
2017-10-27 10:29:15.191  INFO 440 --- [Thread-4] o.s.w.c.s.GenericWebApplicationContext   : Closing org.springframework.web.context.support.GenericWebApplicationContext@435fb7b5: startup date [Fri Oct 27 10:29:08 CST 2017]; root of context hierarchy
2017-10-27 10:30:01.062  INFO 4328 --- [main] impl.test.Testsql                        : Starting Testsql on USER-20170224VA with PID 4328 (started by Administrator in E:\test-project\xzp-xf\xzp-xf-pro-impl)
2017-10-27 10:30:01.064  INFO 4328 --- [main] impl.test.Testsql                        : No active profile set, falling back to default profiles: default
2017-10-27 10:30:01.157  INFO 4328 --- [main] o.s.w.c.s.GenericWebApplicationContext   : Refreshing org.springframework.web.context.support.GenericWebApplicationContext@435fb7b5: startup date [Fri Oct 27 10:30:01 CST 2017]; root of context hierarchy
2017-10-27 10:30:02.471  INFO 4328 --- [main] .s.d.r.c.RepositoryConfigurationDelegate : Multiple Spring Data modules found, entering strict repository configuration mode!
2017-10-27 10:30:05.479  INFO 4328 --- [main] s.w.s.m.m.a.RequestMappingHandlerAdapter : Looking for @ControllerAdvice: org.springframework.web.context.support.GenericWebApplicationContext@435fb7b5: startup date [Fri Oct 27 10:30:01 CST 2017]; root of context hierarchy
2017-10-27 10:30:05.627  INFO 4328 --- [main] s.w.s.m.m.a.RequestMappingHandlerMapping : Mapped "{[/error]}" onto public org.springframework.http.ResponseEntity<java.util.Map<java.lang.String, java.lang.Object>> org.springframework.boot.autoconfigure.web.BasicErrorController.error(javax.servlet.http.HttpServletRequest)
2017-10-27 10:30:05.630  INFO 4328 --- [main] s.w.s.m.m.a.RequestMappingHandlerMapping : Mapped "{[/error],produces=[text/html]}" onto public org.springframework.web.servlet.ModelAndView org.springframework.boot.autoconfigure.web.BasicErrorController.errorHtml(javax.servlet.http.HttpServletRequest,javax.servlet.http.HttpServletResponse)
2017-10-27 10:30:05.688  INFO 4328 --- [main] o.s.w.s.handler.SimpleUrlHandlerMapping  : Mapped URL path [/webjars/**] onto handler of type [class org.springframework.web.servlet.resource.ResourceHttpRequestHandler]
2017-10-27 10:30:05.688  INFO 4328 --- [main] o.s.w.s.handler.SimpleUrlHandlerMapping  : Mapped URL path [/**] onto handler of type [class org.springframework.web.servlet.resource.ResourceHttpRequestHandler]
2017-10-27 10:30:05.768  INFO 4328 --- [main] o.s.w.s.handler.SimpleUrlHandlerMapping  : Mapped URL path [/**/favicon.ico] onto handler of type [class org.springframework.web.servlet.resource.ResourceHttpRequestHandler]
2017-10-27 10:30:06.839  INFO 4328 --- [main] impl.test.Testsql                        : Started Testsql in 7.179 seconds (JVM running for 8.966)
2017-10-27 10:30:07.668 DEBUG 4328 --- [main] x.x.s.m.S.searchSysRoleByParams          : ==>  Preparing: SELECT sys_roleId, sys_roleName, sys_roleDes FROM sys_role 
2017-10-27 10:30:07.702 DEBUG 4328 --- [main] x.x.s.m.S.searchSysRoleByParams          : ==> Parameters: 
2017-10-27 10:30:07.715 TRACE 4328 --- [main] x.x.s.m.S.searchSysRoleByParams          : <==    Columns: sys_roleId, sys_roleName, sys_roleDes
2017-10-27 10:30:07.716 TRACE 4328 --- [main] x.x.s.m.S.searchSysRoleByParams          : <==        Row: 123, 123, sadw
2017-10-27 10:30:07.719 TRACE 4328 --- [main] x.x.s.m.S.searchSysRoleByParams          : <==        Row: 1234, 123, sadw
2017-10-27 10:30:07.720 TRACE 4328 --- [main] x.x.s.m.S.searchSysRoleByParams          : <==        Row: 123458, 123, sadw
2017-10-27 10:30:07.720 DEBUG 4328 --- [main] x.x.s.m.S.searchSysRoleByParams          : <==      Total: 3
2017-10-27 10:30:07.734  INFO 4328 --- [Thread-4] o.s.w.c.s.GenericWebApplicationContext   : Closing org.springframework.web.context.support.GenericWebApplicationContext@435fb7b5: startup date [Fri Oct 27 10:30:01 CST 2017]; root of context hierarchy
